<?xml version="1.0" encoding="UTF-8"?>
<!-- Generated by org.testng.reporters.JUnitReportReporter -->
<testsuite hostname="LIN66005304" name="com.examples.Tngdemo" tests="2" failures="0" timestamp="10 Sep 2020 11:19:10 GMT" time="0.013" errors="0">
  <testcase name="t1" time="0.003" classname="com.examples.Tngdemo"/>
  <testcase name="t2" time="0.010" classname="com.examples.Tngdemo"/>
</testsuite> <!-- com.examples.Tngdemo -->
