<?xml version="1.0" encoding="UTF-8"?>
<!-- Generated by org.testng.reporters.JUnitReportReporter -->
<testsuite hostname="LIN66005304" name="com.inetbanking.testCases.Tngdemo" tests="2" failures="0" timestamp="10 Sep 2020 09:48:55 GMT" time="0.016" errors="0">
  <testcase name="t1" time="0.001" classname="com.inetbanking.testCases.Tngdemo"/>
  <testcase name="t2" time="0.015" classname="com.inetbanking.testCases.Tngdemo"/>
</testsuite> <!-- com.inetbanking.testCases.Tngdemo -->
