<?xml version="1.0" encoding="UTF-8"?>
<!-- Generated by org.testng.reporters.JUnitReportReporter -->
<testsuite hostname="LIN66005304" name="com.inetbanking.testCases.TC_LoginTest_001" tests="1" failures="0" timestamp="15 Sep 2020 06:19:58 GMT" time="2.751" errors="0">
  <testcase name="loginTest" time="2.751" classname="com.inetbanking.testCases.TC_LoginTest_001"/>
</testsuite> <!-- com.inetbanking.testCases.TC_LoginTest_001 -->
